2019-06-14 11:13:36,108 - ************************************************************** 
2019-06-14 11:13:36,108 - Starting Jakarta Velocity v1.4
2019-06-14 11:13:36,108 - RuntimeInstance initializing.
2019-06-14 11:13:36,108 - Default Properties File: org\apache\velocity\runtime\defaults\velocity.properties
2019-06-14 11:13:36,108 - Trying to use logger class org.apache.velocity.runtime.log.SimpleLog4JLogSystem
2019-06-14 11:13:36,108 - Using logger class org.apache.velocity.runtime.log.SimpleLog4JLogSystem
2019-06-14 11:13:36,110 - Default ResourceManager initializing. (class org.apache.velocity.runtime.resource.ResourceManagerImpl)
2019-06-14 11:13:36,111 - Resource Loader Instantiated: org.apache.velocity.runtime.resource.loader.ClasspathResourceLoader
2019-06-14 11:13:36,112 - ClasspathResourceLoader : initialization starting.
2019-06-14 11:13:36,112 - ClasspathResourceLoader : initialization complete.
2019-06-14 11:13:36,113 - ResourceCache : initialized. (class org.apache.velocity.runtime.resource.ResourceCacheImpl)
2019-06-14 11:13:36,113 - Default ResourceManager initialization complete.
2019-06-14 11:13:36,114 - Loaded System Directive: org.apache.velocity.runtime.directive.Literal
2019-06-14 11:13:36,115 - Loaded System Directive: org.apache.velocity.runtime.directive.Macro
2019-06-14 11:13:36,116 - Loaded System Directive: org.apache.velocity.runtime.directive.Parse
2019-06-14 11:13:36,117 - Loaded System Directive: org.apache.velocity.runtime.directive.Include
2019-06-14 11:13:36,118 - Loaded System Directive: org.apache.velocity.runtime.directive.Foreach
2019-06-14 11:13:36,140 - Created: 20 parsers.
2019-06-14 11:13:36,145 - Velocimacro : initialization starting.
2019-06-14 11:13:36,145 - Velocimacro : adding VMs from VM library template : VM_global_library.vm
2019-06-14 11:13:36,147 - ResourceManager : unable to find resource 'VM_global_library.vm' in any resource loader.
2019-06-14 11:13:36,147 - Velocimacro : error using  VM library template VM_global_library.vm : org.apache.velocity.exception.ResourceNotFoundException: Unable to find resource 'VM_global_library.vm'
2019-06-14 11:13:36,147 - Velocimacro :  VM library template macro registration complete.
2019-06-14 11:13:36,147 - Velocimacro : allowInline = true : VMs can be defined inline in templates
2019-06-14 11:13:36,147 - Velocimacro : allowInlineToOverride = false : VMs defined inline may NOT replace previous VM definitions
2019-06-14 11:13:36,147 - Velocimacro : allowInlineLocal = false : VMs defined inline will be  global in scope if allowed.
2019-06-14 11:13:36,147 - Velocimacro : messages on  : VM system will output logging messages
2019-06-14 11:13:36,147 - Velocimacro : autoload off  : VM system will not automatically reload global library macros
2019-06-14 11:13:36,147 - Velocimacro : initialization complete.
2019-06-14 11:13:36,147 - Velocity successfully started.
2019-06-14 11:16:19,384 - SimpleLog4JLogSystem initialized using logfile 'velocity.log'
2019-06-14 11:16:19,384 - ************************************************************** 
2019-06-14 11:16:19,384 - Starting Jakarta Velocity v1.4
2019-06-14 11:16:19,385 - RuntimeInstance initializing.
2019-06-14 11:16:19,385 - Default Properties File: org\apache\velocity\runtime\defaults\velocity.properties
2019-06-14 11:16:19,385 - Trying to use logger class org.apache.velocity.runtime.log.SimpleLog4JLogSystem
2019-06-14 11:16:19,385 - Using logger class org.apache.velocity.runtime.log.SimpleLog4JLogSystem
2019-06-14 11:16:19,386 - Default ResourceManager initializing. (class org.apache.velocity.runtime.resource.ResourceManagerImpl)
2019-06-14 11:16:19,388 - Resource Loader Instantiated: org.apache.velocity.runtime.resource.loader.ClasspathResourceLoader
2019-06-14 11:16:19,388 - ClasspathResourceLoader : initialization starting.
2019-06-14 11:16:19,388 - ClasspathResourceLoader : initialization complete.
2019-06-14 11:16:19,389 - ResourceCache : initialized. (class org.apache.velocity.runtime.resource.ResourceCacheImpl)
2019-06-14 11:16:19,389 - Default ResourceManager initialization complete.
2019-06-14 11:16:19,390 - Loaded System Directive: org.apache.velocity.runtime.directive.Literal
2019-06-14 11:16:19,391 - Loaded System Directive: org.apache.velocity.runtime.directive.Macro
2019-06-14 11:16:19,392 - Loaded System Directive: org.apache.velocity.runtime.directive.Parse
2019-06-14 11:16:19,393 - Loaded System Directive: org.apache.velocity.runtime.directive.Include
2019-06-14 11:16:19,393 - Loaded System Directive: org.apache.velocity.runtime.directive.Foreach
2019-06-14 11:16:19,411 - Created: 20 parsers.
2019-06-14 11:16:19,415 - Velocimacro : initialization starting.
2019-06-14 11:16:19,415 - Velocimacro : adding VMs from VM library template : VM_global_library.vm
2019-06-14 11:16:19,417 - ResourceManager : unable to find resource 'VM_global_library.vm' in any resource loader.
2019-06-14 11:16:19,417 - Velocimacro : error using  VM library template VM_global_library.vm : org.apache.velocity.exception.ResourceNotFoundException: Unable to find resource 'VM_global_library.vm'
2019-06-14 11:16:19,417 - Velocimacro :  VM library template macro registration complete.
2019-06-14 11:16:19,417 - Velocimacro : allowInline = true : VMs can be defined inline in templates
2019-06-14 11:16:19,417 - Velocimacro : allowInlineToOverride = false : VMs defined inline may NOT replace previous VM definitions
2019-06-14 11:16:19,417 - Velocimacro : allowInlineLocal = false : VMs defined inline will be  global in scope if allowed.
2019-06-14 11:16:19,417 - Velocimacro : messages on  : VM system will output logging messages
2019-06-14 11:16:19,417 - Velocimacro : autoload off  : VM system will not automatically reload global library macros
2019-06-14 11:16:19,417 - Velocimacro : initialization complete.
2019-06-14 11:16:19,417 - Velocity successfully started.
2019-06-14 11:24:26,964 - SimpleLog4JLogSystem initialized using logfile 'velocity.log'
2019-06-14 11:24:26,965 - ************************************************************** 
2019-06-14 11:24:26,965 - Starting Jakarta Velocity v1.4
2019-06-14 11:24:26,965 - RuntimeInstance initializing.
2019-06-14 11:24:26,965 - Default Properties File: org\apache\velocity\runtime\defaults\velocity.properties
2019-06-14 11:24:26,965 - Trying to use logger class org.apache.velocity.runtime.log.SimpleLog4JLogSystem
2019-06-14 11:24:26,965 - Using logger class org.apache.velocity.runtime.log.SimpleLog4JLogSystem
2019-06-14 11:24:26,966 - Default ResourceManager initializing. (class org.apache.velocity.runtime.resource.ResourceManagerImpl)
2019-06-14 11:24:26,968 - Resource Loader Instantiated: org.apache.velocity.runtime.resource.loader.ClasspathResourceLoader
2019-06-14 11:24:26,968 - ClasspathResourceLoader : initialization starting.
2019-06-14 11:24:26,968 - ClasspathResourceLoader : initialization complete.
2019-06-14 11:24:26,969 - ResourceCache : initialized. (class org.apache.velocity.runtime.resource.ResourceCacheImpl)
2019-06-14 11:24:26,969 - Default ResourceManager initialization complete.
2019-06-14 11:24:26,970 - Loaded System Directive: org.apache.velocity.runtime.directive.Literal
2019-06-14 11:24:26,971 - Loaded System Directive: org.apache.velocity.runtime.directive.Macro
2019-06-14 11:24:26,972 - Loaded System Directive: org.apache.velocity.runtime.directive.Parse
2019-06-14 11:24:26,973 - Loaded System Directive: org.apache.velocity.runtime.directive.Include
2019-06-14 11:24:26,974 - Loaded System Directive: org.apache.velocity.runtime.directive.Foreach
2019-06-14 11:24:26,991 - Created: 20 parsers.
2019-06-14 11:24:26,995 - Velocimacro : initialization starting.
2019-06-14 11:24:26,995 - Velocimacro : adding VMs from VM library template : VM_global_library.vm
2019-06-14 11:24:26,997 - ResourceManager : unable to find resource 'VM_global_library.vm' in any resource loader.
2019-06-14 11:24:26,997 - Velocimacro : error using  VM library template VM_global_library.vm : org.apache.velocity.exception.ResourceNotFoundException: Unable to find resource 'VM_global_library.vm'
2019-06-14 11:24:26,997 - Velocimacro :  VM library template macro registration complete.
2019-06-14 11:24:26,998 - Velocimacro : allowInline = true : VMs can be defined inline in templates
2019-06-14 11:24:26,998 - Velocimacro : allowInlineToOverride = false : VMs defined inline may NOT replace previous VM definitions
2019-06-14 11:24:26,998 - Velocimacro : allowInlineLocal = false : VMs defined inline will be  global in scope if allowed.
2019-06-14 11:24:26,998 - Velocimacro : messages on  : VM system will output logging messages
2019-06-14 11:24:26,998 - Velocimacro : autoload off  : VM system will not automatically reload global library macros
2019-06-14 11:24:26,998 - Velocimacro : initialization complete.
2019-06-14 11:24:26,998 - Velocity successfully started.
2019-06-14 11:28:26,771 - SimpleLog4JLogSystem initialized using logfile 'velocity.log'
2019-06-14 11:28:26,771 - ************************************************************** 
2019-06-14 11:28:26,771 - Starting Jakarta Velocity v1.4
2019-06-14 11:28:26,771 - RuntimeInstance initializing.
2019-06-14 11:28:26,771 - Default Properties File: org\apache\velocity\runtime\defaults\velocity.properties
2019-06-14 11:28:26,771 - Trying to use logger class org.apache.velocity.runtime.log.SimpleLog4JLogSystem
2019-06-14 11:28:26,771 - Using logger class org.apache.velocity.runtime.log.SimpleLog4JLogSystem
2019-06-14 11:28:26,773 - Default ResourceManager initializing. (class org.apache.velocity.runtime.resource.ResourceManagerImpl)
2019-06-14 11:28:26,774 - Resource Loader Instantiated: org.apache.velocity.runtime.resource.loader.ClasspathResourceLoader
2019-06-14 11:28:26,774 - ClasspathResourceLoader : initialization starting.
2019-06-14 11:28:26,774 - ClasspathResourceLoader : initialization complete.
2019-06-14 11:28:26,775 - ResourceCache : initialized. (class org.apache.velocity.runtime.resource.ResourceCacheImpl)
2019-06-14 11:28:26,775 - Default ResourceManager initialization complete.
2019-06-14 11:28:26,776 - Loaded System Directive: org.apache.velocity.runtime.directive.Literal
2019-06-14 11:28:26,777 - Loaded System Directive: org.apache.velocity.runtime.directive.Macro
2019-06-14 11:28:26,778 - Loaded System Directive: org.apache.velocity.runtime.directive.Parse
2019-06-14 11:28:26,779 - Loaded System Directive: org.apache.velocity.runtime.directive.Include
2019-06-14 11:28:26,780 - Loaded System Directive: org.apache.velocity.runtime.directive.Foreach
2019-06-14 11:28:26,797 - Created: 20 parsers.
2019-06-14 11:28:26,801 - Velocimacro : initialization starting.
2019-06-14 11:28:26,801 - Velocimacro : adding VMs from VM library template : VM_global_library.vm
2019-06-14 11:28:26,803 - ResourceManager : unable to find resource 'VM_global_library.vm' in any resource loader.
2019-06-14 11:28:26,804 - Velocimacro : error using  VM library template VM_global_library.vm : org.apache.velocity.exception.ResourceNotFoundException: Unable to find resource 'VM_global_library.vm'
2019-06-14 11:28:26,804 - Velocimacro :  VM library template macro registration complete.
2019-06-14 11:28:26,804 - Velocimacro : allowInline = true : VMs can be defined inline in templates
2019-06-14 11:28:26,804 - Velocimacro : allowInlineToOverride = false : VMs defined inline may NOT replace previous VM definitions
2019-06-14 11:28:26,804 - Velocimacro : allowInlineLocal = false : VMs defined inline will be  global in scope if allowed.
2019-06-14 11:28:26,804 - Velocimacro : messages on  : VM system will output logging messages
2019-06-14 11:28:26,804 - Velocimacro : autoload off  : VM system will not automatically reload global library macros
2019-06-14 11:28:26,804 - Velocimacro : initialization complete.
2019-06-14 11:28:26,804 - Velocity successfully started.
2019-06-14 11:30:50,915 - SimpleLog4JLogSystem initialized using logfile 'velocity.log'
2019-06-14 11:30:50,915 - ************************************************************** 
2019-06-14 11:30:50,915 - Starting Jakarta Velocity v1.4
2019-06-14 11:30:50,915 - RuntimeInstance initializing.
2019-06-14 11:30:50,915 - Default Properties File: org\apache\velocity\runtime\defaults\velocity.properties
2019-06-14 11:30:50,915 - Trying to use logger class org.apache.velocity.runtime.log.SimpleLog4JLogSystem
2019-06-14 11:30:50,915 - Using logger class org.apache.velocity.runtime.log.SimpleLog4JLogSystem
2019-06-14 11:30:50,917 - Default ResourceManager initializing. (class org.apache.velocity.runtime.resource.ResourceManagerImpl)
2019-06-14 11:30:50,919 - Resource Loader Instantiated: org.apache.velocity.runtime.resource.loader.ClasspathResourceLoader
2019-06-14 11:30:50,919 - ClasspathResourceLoader : initialization starting.
2019-06-14 11:30:50,919 - ClasspathResourceLoader : initialization complete.
2019-06-14 11:30:50,920 - ResourceCache : initialized. (class org.apache.velocity.runtime.resource.ResourceCacheImpl)
2019-06-14 11:30:50,920 - Default ResourceManager initialization complete.
2019-06-14 11:30:50,921 - Loaded System Directive: org.apache.velocity.runtime.directive.Literal
2019-06-14 11:30:50,922 - Loaded System Directive: org.apache.velocity.runtime.directive.Macro
2019-06-14 11:30:50,924 - Loaded System Directive: org.apache.velocity.runtime.directive.Parse
2019-06-14 11:30:50,926 - Loaded System Directive: org.apache.velocity.runtime.directive.Include
2019-06-14 11:30:50,926 - Loaded System Directive: org.apache.velocity.runtime.directive.Foreach
2019-06-14 11:30:50,948 - Created: 20 parsers.
2019-06-14 11:30:50,952 - Velocimacro : initialization starting.
2019-06-14 11:30:50,952 - Velocimacro : adding VMs from VM library template : VM_global_library.vm
2019-06-14 11:30:50,955 - ResourceManager : unable to find resource 'VM_global_library.vm' in any resource loader.
2019-06-14 11:30:50,955 - Velocimacro : error using  VM library template VM_global_library.vm : org.apache.velocity.exception.ResourceNotFoundException: Unable to find resource 'VM_global_library.vm'
2019-06-14 11:30:50,955 - Velocimacro :  VM library template macro registration complete.
2019-06-14 11:30:50,955 - Velocimacro : allowInline = true : VMs can be defined inline in templates
2019-06-14 11:30:50,955 - Velocimacro : allowInlineToOverride = false : VMs defined inline may NOT replace previous VM definitions
2019-06-14 11:30:50,955 - Velocimacro : allowInlineLocal = false : VMs defined inline will be  global in scope if allowed.
2019-06-14 11:30:50,955 - Velocimacro : messages on  : VM system will output logging messages
2019-06-14 11:30:50,955 - Velocimacro : autoload off  : VM system will not automatically reload global library macros
2019-06-14 11:30:50,955 - Velocimacro : initialization complete.
2019-06-14 11:30:50,955 - Velocity successfully started.
2019-06-14 11:32:59,507 - SimpleLog4JLogSystem initialized using logfile 'velocity.log'
2019-06-14 11:32:59,507 - ************************************************************** 
2019-06-14 11:32:59,507 - Starting Jakarta Velocity v1.4
2019-06-14 11:32:59,507 - RuntimeInstance initializing.
2019-06-14 11:32:59,507 - Default Properties File: org\apache\velocity\runtime\defaults\velocity.properties
2019-06-14 11:32:59,507 - Trying to use logger class org.apache.velocity.runtime.log.SimpleLog4JLogSystem
2019-06-14 11:32:59,507 - Using logger class org.apache.velocity.runtime.log.SimpleLog4JLogSystem
2019-06-14 11:32:59,509 - Default ResourceManager initializing. (class org.apache.velocity.runtime.resource.ResourceManagerImpl)
2019-06-14 11:32:59,510 - Resource Loader Instantiated: org.apache.velocity.runtime.resource.loader.ClasspathResourceLoader
2019-06-14 11:32:59,510 - ClasspathResourceLoader : initialization starting.
2019-06-14 11:32:59,510 - ClasspathResourceLoader : initialization complete.
2019-06-14 11:32:59,511 - ResourceCache : initialized. (class org.apache.velocity.runtime.resource.ResourceCacheImpl)
2019-06-14 11:32:59,511 - Default ResourceManager initialization complete.
2019-06-14 11:32:59,512 - Loaded System Directive: org.apache.velocity.runtime.directive.Literal
2019-06-14 11:32:59,513 - Loaded System Directive: org.apache.velocity.runtime.directive.Macro
2019-06-14 11:32:59,515 - Loaded System Directive: org.apache.velocity.runtime.directive.Parse
2019-06-14 11:32:59,516 - Loaded System Directive: org.apache.velocity.runtime.directive.Include
2019-06-14 11:32:59,517 - Loaded System Directive: org.apache.velocity.runtime.directive.Foreach
2019-06-14 11:32:59,537 - Created: 20 parsers.
2019-06-14 11:32:59,542 - Velocimacro : initialization starting.
2019-06-14 11:32:59,542 - Velocimacro : adding VMs from VM library template : VM_global_library.vm
2019-06-14 11:32:59,545 - ResourceManager : unable to find resource 'VM_global_library.vm' in any resource loader.
2019-06-14 11:32:59,545 - Velocimacro : error using  VM library template VM_global_library.vm : org.apache.velocity.exception.ResourceNotFoundException: Unable to find resource 'VM_global_library.vm'
2019-06-14 11:32:59,545 - Velocimacro :  VM library template macro registration complete.
2019-06-14 11:32:59,545 - Velocimacro : allowInline = true : VMs can be defined inline in templates
2019-06-14 11:32:59,545 - Velocimacro : allowInlineToOverride = false : VMs defined inline may NOT replace previous VM definitions
2019-06-14 11:32:59,545 - Velocimacro : allowInlineLocal = false : VMs defined inline will be  global in scope if allowed.
2019-06-14 11:32:59,546 - Velocimacro : messages on  : VM system will output logging messages
2019-06-14 11:32:59,546 - Velocimacro : autoload off  : VM system will not automatically reload global library macros
2019-06-14 11:32:59,546 - Velocimacro : initialization complete.
2019-06-14 11:32:59,546 - Velocity successfully started.
2019-06-14 11:35:19,729 - SimpleLog4JLogSystem initialized using logfile 'velocity.log'
2019-06-14 11:35:19,730 - ************************************************************** 
2019-06-14 11:35:19,730 - Starting Jakarta Velocity v1.4
2019-06-14 11:35:19,730 - RuntimeInstance initializing.
2019-06-14 11:35:19,730 - Default Properties File: org\apache\velocity\runtime\defaults\velocity.properties
2019-06-14 11:35:19,730 - Trying to use logger class org.apache.velocity.runtime.log.SimpleLog4JLogSystem
2019-06-14 11:35:19,730 - Using logger class org.apache.velocity.runtime.log.SimpleLog4JLogSystem
2019-06-14 11:35:19,732 - Default ResourceManager initializing. (class org.apache.velocity.runtime.resource.ResourceManagerImpl)
2019-06-14 11:35:19,733 - Resource Loader Instantiated: org.apache.velocity.runtime.resource.loader.ClasspathResourceLoader
2019-06-14 11:35:19,733 - ClasspathResourceLoader : initialization starting.
2019-06-14 11:35:19,733 - ClasspathResourceLoader : initialization complete.
2019-06-14 11:35:19,735 - ResourceCache : initialized. (class org.apache.velocity.runtime.resource.ResourceCacheImpl)
2019-06-14 11:35:19,735 - Default ResourceManager initialization complete.
2019-06-14 11:35:19,736 - Loaded System Directive: org.apache.velocity.runtime.directive.Literal
2019-06-14 11:35:19,737 - Loaded System Directive: org.apache.velocity.runtime.directive.Macro
2019-06-14 11:35:19,738 - Loaded System Directive: org.apache.velocity.runtime.directive.Parse
2019-06-14 11:35:19,739 - Loaded System Directive: org.apache.velocity.runtime.directive.Include
2019-06-14 11:35:19,740 - Loaded System Directive: org.apache.velocity.runtime.directive.Foreach
2019-06-14 11:35:19,757 - Created: 20 parsers.
2019-06-14 11:35:19,765 - Velocimacro : initialization starting.
2019-06-14 11:35:19,765 - Velocimacro : adding VMs from VM library template : VM_global_library.vm
2019-06-14 11:35:19,767 - ResourceManager : unable to find resource 'VM_global_library.vm' in any resource loader.
2019-06-14 11:35:19,767 - Velocimacro : error using  VM library template VM_global_library.vm : org.apache.velocity.exception.ResourceNotFoundException: Unable to find resource 'VM_global_library.vm'
2019-06-14 11:35:19,767 - Velocimacro :  VM library template macro registration complete.
2019-06-14 11:35:19,767 - Velocimacro : allowInline = true : VMs can be defined inline in templates
2019-06-14 11:35:19,767 - Velocimacro : allowInlineToOverride = false : VMs defined inline may NOT replace previous VM definitions
2019-06-14 11:35:19,767 - Velocimacro : allowInlineLocal = false : VMs defined inline will be  global in scope if allowed.
2019-06-14 11:35:19,767 - Velocimacro : messages on  : VM system will output logging messages
2019-06-14 11:35:19,767 - Velocimacro : autoload off  : VM system will not automatically reload global library macros
2019-06-14 11:35:19,767 - Velocimacro : initialization complete.
2019-06-14 11:35:19,768 - Velocity successfully started.
2019-06-14 11:37:03,052 - SimpleLog4JLogSystem initialized using logfile 'velocity.log'
2019-06-14 11:37:03,052 - ************************************************************** 
2019-06-14 11:37:03,052 - Starting Jakarta Velocity v1.4
2019-06-14 11:37:03,052 - RuntimeInstance initializing.
2019-06-14 11:37:03,052 - Default Properties File: org\apache\velocity\runtime\defaults\velocity.properties
2019-06-14 11:37:03,052 - Trying to use logger class org.apache.velocity.runtime.log.SimpleLog4JLogSystem
2019-06-14 11:37:03,052 - Using logger class org.apache.velocity.runtime.log.SimpleLog4JLogSystem
2019-06-14 11:37:03,054 - Default ResourceManager initializing. (class org.apache.velocity.runtime.resource.ResourceManagerImpl)
2019-06-14 11:37:03,058 - Resource Loader Instantiated: org.apache.velocity.runtime.resource.loader.ClasspathResourceLoader
2019-06-14 11:37:03,059 - ClasspathResourceLoader : initialization starting.
2019-06-14 11:37:03,059 - ClasspathResourceLoader : initialization complete.
2019-06-14 11:37:03,063 - ResourceCache : initialized. (class org.apache.velocity.runtime.resource.ResourceCacheImpl)
2019-06-14 11:37:03,063 - Default ResourceManager initialization complete.
2019-06-14 11:37:03,065 - Loaded System Directive: org.apache.velocity.runtime.directive.Literal
2019-06-14 11:37:03,066 - Loaded System Directive: org.apache.velocity.runtime.directive.Macro
2019-06-14 11:37:03,068 - Loaded System Directive: org.apache.velocity.runtime.directive.Parse
2019-06-14 11:37:03,069 - Loaded System Directive: org.apache.velocity.runtime.directive.Include
2019-06-14 11:37:03,070 - Loaded System Directive: org.apache.velocity.runtime.directive.Foreach
2019-06-14 11:37:03,097 - Created: 20 parsers.
2019-06-14 11:37:03,103 - Velocimacro : initialization starting.
2019-06-14 11:37:03,104 - Velocimacro : adding VMs from VM library template : VM_global_library.vm
2019-06-14 11:37:03,110 - ResourceManager : unable to find resource 'VM_global_library.vm' in any resource loader.
2019-06-14 11:37:03,110 - Velocimacro : error using  VM library template VM_global_library.vm : org.apache.velocity.exception.ResourceNotFoundException: Unable to find resource 'VM_global_library.vm'
2019-06-14 11:37:03,111 - Velocimacro :  VM library template macro registration complete.
2019-06-14 11:37:03,111 - Velocimacro : allowInline = true : VMs can be defined inline in templates
2019-06-14 11:37:03,111 - Velocimacro : allowInlineToOverride = false : VMs defined inline may NOT replace previous VM definitions
2019-06-14 11:37:03,111 - Velocimacro : allowInlineLocal = false : VMs defined inline will be  global in scope if allowed.
2019-06-14 11:37:03,111 - Velocimacro : messages on  : VM system will output logging messages
2019-06-14 11:37:03,111 - Velocimacro : autoload off  : VM system will not automatically reload global library macros
2019-06-14 11:37:03,111 - Velocimacro : initialization complete.
2019-06-14 11:37:03,111 - Velocity successfully started.
